<?xml version="1.0" encoding="UTF-8"?>
<testsuite xmlns:xsi="http://www.w3.org/2001/XMLSchema-instance" xsi:noNamespaceSchemaLocation="https://maven.apache.org/surefire/maven-surefire-plugin/xsd/surefire-test-report-3.0.xsd" version="3.0" name="co.vinni.soapproyectobase.utilidades.UtilidadArchivosTest" time="0.051" tests="2" errors="0" skipped="0" failures="0">
  <properties>
[...]
</properties>
  <testcase name="leerObjeto" classname="co.vinni.soapproyectobase.utilidades.UtilidadArchivosTest" time="0.04">
    <system-out><![CDATA[Equipo(serial=1, nombre=millos, descripcion=Equipo de la capital Bogotá)
]]></system-out>
  </testcase>
  <testcase name="registrarObjeto" classname="co.vinni.soapproyectobase.utilidades.UtilidadArchivosTest" time="0.001"/>
</testsuite>